<?xml version="1.0" encoding="UTF-8" ?>
<testsuite tests="1" failures="0" name="org.camunda.bpm.example.servicetask.soap.ServiceTaskSoapTest" time="1.228" errors="1" skipped="0">
  <properties>
[...]
</properties>
  <testcase classname="org.camunda.bpm.example.servicetask.soap.ServiceTaskSoapTest" name="shouldInvokeService" time="1.228">
    <error message="SPIN-01004 No matching data format detected" type="org.camunda.spin.spi.SpinDataFormatException">org.camunda.spin.spi.SpinDataFormatException: SPIN-01004 No matching data format detected
	at org.camunda.spin.impl.logging.SpinCoreLogger.unrecognizableDataFormatException(SpinCoreLogger.java:53)
	at org.camunda.spin.impl.SpinFactoryImpl.createSpinFromReader(SpinFactoryImpl.java:127)
	at org.camunda.spin.impl.SpinFactoryImpl.createSpin(SpinFactoryImpl.java:50)
	at org.camunda.spin.impl.SpinFactoryImpl.createSpinFromString(SpinFactoryImpl.java:103)
	at org.camunda.spin.impl.SpinFactoryImpl.createSpin(SpinFactoryImpl.java:47)
	at org.camunda.spin.Spin.S(Spin.java:64)
	at jdk.nashorn.internal.scripts.Script$1$\^eval\_.:program(&lt;eval&gt;:7)
	at jdk.nashorn.internal.runtime.ScriptFunctionData.invoke(ScriptFunctionData.java:623)
	at jdk.nashorn.internal.runtime.ScriptFunction.invoke(ScriptFunction.java:494)
	at jdk.nashorn.internal.runtime.ScriptRuntime.apply(ScriptRuntime.java:393)
	at jdk.nashorn.api.scripting.NashornScriptEngine.evalImpl(NashornScriptEngine.java:446)
	at jdk.nashorn.api.scripting.NashornScriptEngine.evalImpl(NashornScriptEngine.java:403)
	at jdk.nashorn.api.scripting.NashornScriptEngine.evalImpl(NashornScriptEngine.java:399)
	at jdk.nashorn.api.scripting.NashornScriptEngine.eval(NashornScriptEngine.java:155)
	at javax.script.AbstractScriptEngine.eval(AbstractScriptEngine.java:233)
	at org.camunda.bpm.engine.impl.scripting.SourceExecutableScript.evaluateScript(SourceExecutableScript.java:114)
	at org.camunda.bpm.engine.impl.scripting.SourceExecutableScript.evaluate(SourceExecutableScript.java:60)
	at org.camunda.bpm.engine.impl.scripting.ResourceExecutableScript.evaluate(ResourceExecutableScript.java:43)
	at org.camunda.bpm.engine.impl.scripting.ExecutableScript.execute(ExecutableScript.java:56)
	at org.camunda.bpm.engine.impl.scripting.env.ScriptingEnvironment.execute(ScriptingEnvironment.java:97)
	at org.camunda.bpm.engine.impl.scripting.env.ScriptingEnvironment.execute(ScriptingEnvironment.java:83)
	at org.camunda.bpm.engine.impl.delegate.ScriptInvocation.invoke(ScriptInvocation.java:40)
	at org.camunda.bpm.engine.impl.delegate.DelegateInvocation.proceed(DelegateInvocation.java:54)
	at org.camunda.bpm.engine.impl.delegate.DefaultDelegateInterceptor.handleInvocationInContext(DefaultDelegateInterceptor.java:87)
	at org.camunda.bpm.engine.impl.delegate.DefaultDelegateInterceptor.handleInvocation(DefaultDelegateInterceptor.java:59)
	at org.camunda.bpm.engine.impl.scripting.ScriptValueProvider.getValue(ScriptValueProvider.java:39)
	at org.camunda.bpm.engine.impl.core.variable.mapping.OutputParameter.execute(OutputParameter.java:43)
	at org.camunda.bpm.engine.impl.core.variable.mapping.IoParameter.execute(IoParameter.java:47)
	at org.camunda.bpm.engine.impl.core.variable.mapping.IoMapping.executeOutputParameters(IoMapping.java:41)
	at org.camunda.bpm.engine.impl.persistence.entity.ExecutionEntity.destroy(ExecutionEntity.java:500)
	at org.camunda.bpm.engine.impl.pvm.runtime.operation.PvmAtomicOperationTransitionDestroyScope.execute(PvmAtomicOperationTransitionDestroyScope.java:68)
	at org.camunda.bpm.engine.impl.pvm.runtime.operation.PvmAtomicOperationTransitionDestroyScope.execute(PvmAtomicOperationTransitionDestroyScope.java:33)
	at org.camunda.bpm.engine.impl.interceptor.AtomicOperationInvocation.execute(AtomicOperationInvocation.java:81)
	at org.camunda.bpm.engine.impl.interceptor.CommandContext.invokeNext(CommandContext.java:187)
	at org.camunda.bpm.engine.impl.interceptor.CommandContext.performNext(CommandContext.java:166)
	at org.camunda.bpm.engine.impl.interceptor.CommandContext.performOperation(CommandContext.java:141)
	at org.camunda.bpm.engine.impl.persistence.entity.ExecutionEntity.performOperation(ExecutionEntity.java:589)
	at org.camunda.bpm.engine.impl.persistence.entity.ExecutionEntity.performOperation(ExecutionEntity.java:565)
	at org.camunda.bpm.engine.impl.pvm.runtime.operation.PvmAtomicOperationTransitionNotifyListenerEnd.eventNotificationsCompleted(PvmAtomicOperationTransitionNotifyListenerEnd.java:37)
	at org.camunda.bpm.engine.impl.pvm.runtime.operation.PvmAtomicOperationTransitionNotifyListenerEnd.eventNotificationsCompleted(PvmAtomicOperationTransitionNotifyListenerEnd.java:23)
	at org.camunda.bpm.engine.impl.core.operation.AbstractEventAtomicOperation.execute(AbstractEventAtomicOperation.java:65)
	at org.camunda.bpm.engine.impl.interceptor.AtomicOperationInvocation.execute(AtomicOperationInvocation.java:81)
	at org.camunda.bpm.engine.impl.interceptor.CommandContext.invokeNext(CommandContext.java:187)
	at org.camunda.bpm.engine.impl.interceptor.CommandContext.performNext(CommandContext.java:166)
	at org.camunda.bpm.engine.impl.interceptor.CommandContext.performOperation(CommandContext.java:141)
	at org.camunda.bpm.engine.impl.interceptor.CommandContext.performOperation(CommandContext.java:131)
	at org.camunda.bpm.engine.impl.persistence.entity.ExecutionEntity.performOperationSync(ExecutionEntity.java:600)
	at org.camunda.bpm.engine.impl.persistence.entity.ExecutionEntity.performOperationSync(ExecutionEntity.java:575)
	at org.camunda.bpm.engine.impl.core.operation.AbstractEventAtomicOperation.execute(AbstractEventAtomicOperation.java:58)
	at org.camunda.bpm.engine.impl.interceptor.AtomicOperationInvocation.execute(AtomicOperationInvocation.java:81)
	at org.camunda.bpm.engine.impl.interceptor.CommandContext.invokeNext(CommandContext.java:187)
	at org.camunda.bpm.engine.impl.interceptor.CommandContext.performNext(CommandContext.java:166)
	at org.camunda.bpm.engine.impl.interceptor.CommandContext.performOperation(CommandContext.java:141)
	at org.camunda.bpm.engine.impl.persistence.entity.ExecutionEntity.performOperation(ExecutionEntity.java:589)
	at org.camunda.bpm.engine.impl.persistence.entity.ExecutionEntity.performOperation(ExecutionEntity.java:565)
	at org.camunda.bpm.engine.impl.pvm.runtime.PvmExecutionImpl.leaveActivityViaTransitions(PvmExecutionImpl.java:978)
	at org.camunda.bpm.engine.impl.pvm.runtime.PvmExecutionImpl.leaveActivityViaTransition(PvmExecutionImpl.java:931)
	at org.camunda.bpm.engine.impl.bpmn.behavior.BpmnActivityBehavior.performOutgoingBehavior(BpmnActivityBehavior.java:101)
	at org.camunda.bpm.engine.impl.bpmn.behavior.BpmnActivityBehavior.performDefaultOutgoingBehavior(BpmnActivityBehavior.java:52)
	at org.camunda.bpm.engine.impl.bpmn.behavior.FlowNodeActivityBehavior.leave(FlowNodeActivityBehavior.java:46)
	at org.camunda.bpm.engine.impl.bpmn.behavior.AbstractBpmnActivityBehavior.leave(AbstractBpmnActivityBehavior.java:68)
	at org.camunda.connect.plugin.impl.ServiceTaskConnectorActivityBehavior.access$000(ServiceTaskConnectorActivityBehavior.java:31)
	at org.camunda.connect.plugin.impl.ServiceTaskConnectorActivityBehavior$1.call(ServiceTaskConnectorActivityBehavior.java:59)
	at org.camunda.connect.plugin.impl.ServiceTaskConnectorActivityBehavior$1.call(ServiceTaskConnectorActivityBehavior.java:51)
	at org.camunda.bpm.engine.impl.bpmn.behavior.AbstractBpmnActivityBehavior.executeWithErrorPropagation(AbstractBpmnActivityBehavior.java:105)
	at org.camunda.connect.plugin.impl.ServiceTaskConnectorActivityBehavior.execute(ServiceTaskConnectorActivityBehavior.java:51)
	at org.camunda.bpm.engine.impl.pvm.runtime.operation.PvmAtomicOperationActivityExecute.execute(PvmAtomicOperationActivityExecute.java:41)
	at org.camunda.bpm.engine.impl.pvm.runtime.operation.PvmAtomicOperationActivityExecute.execute(PvmAtomicOperationActivityExecute.java:26)
	at org.camunda.bpm.engine.impl.interceptor.AtomicOperationInvocation.execute(AtomicOperationInvocation.java:81)
	at org.camunda.bpm.engine.impl.interceptor.CommandContext.invokeNext(CommandContext.java:187)
	at org.camunda.bpm.engine.impl.interceptor.CommandContext.performNext(CommandContext.java:166)
	at org.camunda.bpm.engine.impl.interceptor.CommandContext.performOperation(CommandContext.java:141)
	at org.camunda.bpm.engine.impl.persistence.entity.ExecutionEntity.performOperation(ExecutionEntity.java:589)
	at org.camunda.bpm.engine.impl.persistence.entity.ExecutionEntity.performOperation(ExecutionEntity.java:565)
	at org.camunda.bpm.engine.impl.pvm.runtime.operation.PvmAtomicOperationTransitionNotifyListenerStart.eventNotificationsCompleted(PvmAtomicOperationTransitionNotifyListenerStart.java:56)
	at org.camunda.bpm.engine.impl.pvm.runtime.operation.PvmAtomicOperationTransitionNotifyListenerStart.eventNotificationsCompleted(PvmAtomicOperationTransitionNotifyListenerStart.java:26)
	at org.camunda.bpm.engine.impl.core.operation.AbstractEventAtomicOperation.execute(AbstractEventAtomicOperation.java:65)
	at org.camunda.bpm.engine.impl.interceptor.AtomicOperationInvocation.execute(AtomicOperationInvocation.java:81)
	at org.camunda.bpm.engine.impl.interceptor.CommandContext.invokeNext(CommandContext.java:187)
	at org.camunda.bpm.engine.impl.interceptor.CommandContext.performNext(CommandContext.java:166)
	at org.camunda.bpm.engine.impl.interceptor.CommandContext.performOperation(CommandContext.java:141)
	at org.camunda.bpm.engine.impl.interceptor.CommandContext.performOperation(CommandContext.java:131)
	at org.camunda.bpm.engine.impl.persistence.entity.ExecutionEntity.performOperationSync(ExecutionEntity.java:600)
	at org.camunda.bpm.engine.impl.persistence.entity.ExecutionEntity.performOperationSync(ExecutionEntity.java:575)
	at org.camunda.bpm.engine.impl.core.operation.AbstractEventAtomicOperation.execute(AbstractEventAtomicOperation.java:58)
	at org.camunda.bpm.engine.impl.interceptor.AtomicOperationInvocation.execute(AtomicOperationInvocation.java:81)
	at org.camunda.bpm.engine.impl.interceptor.CommandContext.invokeNext(CommandContext.java:187)
	at org.camunda.bpm.engine.impl.interceptor.CommandContext.performNext(CommandContext.java:166)
	at org.camunda.bpm.engine.impl.interceptor.CommandContext.performOperation(CommandContext.java:141)
	at org.camunda.bpm.engine.impl.interceptor.CommandContext.performOperation(CommandContext.java:131)
	at org.camunda.bpm.engine.impl.persistence.entity.ExecutionEntity.performOperationSync(ExecutionEntity.java:600)
	at org.camunda.bpm.engine.impl.persistence.entity.ExecutionEntity.performOperationSync(ExecutionEntity.java:575)
	at org.camunda.bpm.engine.impl.core.operation.AbstractEventAtomicOperation.execute(AbstractEventAtomicOperation.java:58)
	at org.camunda.bpm.engine.impl.interceptor.AtomicOperationInvocation.execute(AtomicOperationInvocation.java:81)
	at org.camunda.bpm.engine.impl.interceptor.CommandContext.invokeNext(CommandContext.java:187)
	at org.camunda.bpm.engine.impl.interceptor.CommandContext.performNext(CommandContext.java:166)
	at org.camunda.bpm.engine.impl.interceptor.CommandContext.performOperation(CommandContext.java:141)
	at org.camunda.bpm.engine.impl.persistence.entity.ExecutionEntity.performOperation(ExecutionEntity.java:589)
	at org.camunda.bpm.engine.impl.persistence.entity.ExecutionEntity.performOperation(ExecutionEntity.java:565)
	at org.camunda.bpm.engine.impl.pvm.runtime.operation.PvmAtomicOperationTransitionCreateScope.scopeCreated(PvmAtomicOperationTransitionCreateScope.java:34)
	at org.camunda.bpm.engine.impl.pvm.runtime.operation.PvmAtomicOperationCreateScope.execute(PvmAtomicOperationCreateScope.java:49)
	at org.camunda.bpm.engine.impl.pvm.runtime.operation.PvmAtomicOperationCreateScope.execute(PvmAtomicOperationCreateScope.java:23)
	at org.camunda.bpm.engine.impl.interceptor.AtomicOperationInvocation.execute(AtomicOperationInvocation.java:81)
	at org.camunda.bpm.engine.impl.interceptor.CommandContext.invokeNext(CommandContext.java:187)
	at org.camunda.bpm.engine.impl.interceptor.CommandContext.performNext(CommandContext.java:174)
	at org.camunda.bpm.engine.impl.interceptor.CommandContext.performOperation(CommandContext.java:141)
	at org.camunda.bpm.engine.impl.persistence.entity.ExecutionEntity.performOperation(ExecutionEntity.java:589)
	at org.camunda.bpm.engine.impl.persistence.entity.ExecutionEntity.performOperation(ExecutionEntity.java:565)
	at org.camunda.bpm.engine.impl.pvm.runtime.PvmExecutionImpl.start(PvmExecutionImpl.java:230)
	at org.camunda.bpm.engine.impl.persistence.entity.ExecutionEntity.start(ExecutionEntity.java:427)
	at org.camunda.bpm.engine.impl.cmd.StartProcessInstanceCmd.execute(StartProcessInstanceCmd.java:50)
	at org.camunda.bpm.engine.impl.cmd.StartProcessInstanceCmd.execute(StartProcessInstanceCmd.java:29)
	at org.camunda.bpm.engine.impl.interceptor.CommandExecutorImpl.execute(CommandExecutorImpl.java:24)
	at org.camunda.bpm.engine.impl.interceptor.CommandContextInterceptor.execute(CommandContextInterceptor.java:104)
	at org.camunda.bpm.engine.impl.interceptor.ProcessApplicationContextInterceptor.execute(ProcessApplicationContextInterceptor.java:66)
	at org.camunda.bpm.engine.impl.interceptor.LogInterceptor.execute(LogInterceptor.java:30)
	at org.camunda.bpm.engine.impl.ProcessInstantiationBuilderImpl.execute(ProcessInstantiationBuilderImpl.java:145)
	at org.camunda.bpm.engine.impl.ProcessInstantiationBuilderImpl.execute(ProcessInstantiationBuilderImpl.java:117)
	at org.camunda.bpm.engine.impl.RuntimeServiceImpl.startProcessInstanceByKey(RuntimeServiceImpl.java:85)
	at org.camunda.bpm.example.servicetask.soap.ServiceTaskSoapTest.shouldInvokeService(ServiceTaskSoapTest.java:45)
	at sun.reflect.NativeMethodAccessorImpl.invoke0(Native Method)
	at sun.reflect.NativeMethodAccessorImpl.invoke(NativeMethodAccessorImpl.java:62)
	at sun.reflect.DelegatingMethodAccessorImpl.invoke(DelegatingMethodAccessorImpl.java:43)
	at java.lang.reflect.Method.invoke(Method.java:498)
	at org.junit.runners.model.FrameworkMethod$1.runReflectiveCall(FrameworkMethod.java:47)
	at org.junit.internal.runners.model.ReflectiveCallable.run(ReflectiveCallable.java:12)
	at org.junit.runners.model.FrameworkMethod.invokeExplosively(FrameworkMethod.java:44)
	at org.junit.internal.runners.statements.InvokeMethod.evaluate(InvokeMethod.java:17)
	at org.junit.rules.TestWatcher$1.evaluate(TestWatcher.java:55)
	at org.camunda.bpm.engine.test.ProcessEngineRule$1.evaluate(ProcessEngineRule.java:165)
	at org.junit.rules.RunRules.evaluate(RunRules.java:20)
	at org.junit.runners.ParentRunner.runLeaf(ParentRunner.java:271)
	at org.junit.runners.BlockJUnit4ClassRunner.runChild(BlockJUnit4ClassRunner.java:70)
	at org.junit.runners.BlockJUnit4ClassRunner.runChild(BlockJUnit4ClassRunner.java:50)
	at org.junit.runners.ParentRunner$3.run(ParentRunner.java:238)
	at org.junit.runners.ParentRunner$1.schedule(ParentRunner.java:63)
	at org.junit.runners.ParentRunner.runChildren(ParentRunner.java:236)
	at org.junit.runners.ParentRunner.access$000(ParentRunner.java:53)
	at org.junit.runners.ParentRunner$2.evaluate(ParentRunner.java:229)
	at org.junit.runners.ParentRunner.run(ParentRunner.java:309)
	at org.apache.maven.surefire.junit4.JUnit4Provider.execute(JUnit4Provider.java:252)
	at org.apache.maven.surefire.junit4.JUnit4Provider.executeTestSet(JUnit4Provider.java:141)
	at org.apache.maven.surefire.junit4.JUnit4Provider.invoke(JUnit4Provider.java:112)
	at sun.reflect.NativeMethodAccessorImpl.invoke0(Native Method)
	at sun.reflect.NativeMethodAccessorImpl.invoke(NativeMethodAccessorImpl.java:62)
	at sun.reflect.DelegatingMethodAccessorImpl.invoke(DelegatingMethodAccessorImpl.java:43)
	at java.lang.reflect.Method.invoke(Method.java:498)
	at org.apache.maven.surefire.util.ReflectionUtils.invokeMethodWithArray(ReflectionUtils.java:189)
	at org.apache.maven.surefire.booter.ProviderFactory$ProviderProxy.invoke(ProviderFactory.java:165)
	at org.apache.maven.surefire.booter.ProviderFactory.invokeProvider(ProviderFactory.java:85)
	at org.apache.maven.surefire.booter.ForkedBooter.runSuitesInProcess(ForkedBooter.java:115)
	at org.apache.maven.surefire.booter.ForkedBooter.main(ForkedBooter.java:75)
</error>
    <system-err>okt. 18, 2016 9:38:14 AM org.springframework.beans.factory.xml.XmlBeanDefinitionReader loadBeanDefinitions
INFO: Loading XML bean definitions from class path resource [camunda.cfg.xml]
okt. 18, 2016 9:38:14 AM org.camunda.commons.logging.BaseLogger logInfo
INFO: ENGINE-12003 Plugin &apos;ConnectProcessEnginePlugin&apos; activated on process engine &apos;default&apos;
okt. 18, 2016 9:38:15 AM org.camunda.commons.logging.BaseLogger logInfo
INFO: CNCT-01004 Discovered provider for connector id &apos;soap-http-connector&apos; and class &apos;org.camunda.connect.httpclient.soap.impl.SoapHttpConnectorImpl&apos;: &apos;org.camunda.connect.httpclient.soap.impl.SoapHttpConnectorProviderImpl&apos;
okt. 18, 2016 9:38:15 AM org.camunda.commons.logging.BaseLogger logInfo
INFO: CNCT-01004 Discovered provider for connector id &apos;http-connector&apos; and class &apos;org.camunda.connect.httpclient.impl.HttpConnectorImpl&apos;: &apos;org.camunda.connect.httpclient.impl.HttpConnectorProviderImpl&apos;
okt. 18, 2016 9:38:15 AM org.camunda.commons.logging.BaseLogger logInfo
INFO: ENGINE-12003 Plugin &apos;SpinProcessEnginePlugin&apos; activated on process engine &apos;default&apos;
okt. 18, 2016 9:38:15 AM org.camunda.commons.logging.BaseLogger logInfo
INFO: SPIN-01010 Discovered Spin data format provider: org.camunda.spin.impl.xml.dom.format.DomXmlDataFormatProvider[name = application/xml]
okt. 18, 2016 9:38:15 AM org.camunda.commons.logging.BaseLogger logInfo
INFO: SPIN-01009 Discovered Spin data format: org.camunda.spin.impl.xml.dom.format.DomXmlDataFormat[name = application/xml]
okt. 18, 2016 9:38:17 AM org.camunda.commons.logging.BaseLogger logInfo
INFO: ENGINE-03016 Performing database operation &apos;create&apos; on component &apos;engine&apos; with resource &apos;org/camunda/bpm/engine/db/create/activiti.h2.create.engine.sql&apos;
okt. 18, 2016 9:38:17 AM org.camunda.commons.logging.BaseLogger logInfo
INFO: ENGINE-03016 Performing database operation &apos;create&apos; on component &apos;history&apos; with resource &apos;org/camunda/bpm/engine/db/create/activiti.h2.create.history.sql&apos;
okt. 18, 2016 9:38:17 AM org.camunda.commons.logging.BaseLogger logInfo
INFO: ENGINE-03016 Performing database operation &apos;create&apos; on component &apos;identity&apos; with resource &apos;org/camunda/bpm/engine/db/create/activiti.h2.create.identity.sql&apos;
okt. 18, 2016 9:38:17 AM org.camunda.commons.logging.BaseLogger logInfo
INFO: ENGINE-03016 Performing database operation &apos;create&apos; on component &apos;case.engine&apos; with resource &apos;org/camunda/bpm/engine/db/create/activiti.h2.create.case.engine.sql&apos;
okt. 18, 2016 9:38:17 AM org.camunda.commons.logging.BaseLogger logInfo
INFO: ENGINE-03016 Performing database operation &apos;create&apos; on component &apos;case.history&apos; with resource &apos;org/camunda/bpm/engine/db/create/activiti.h2.create.case.history.sql&apos;
okt. 18, 2016 9:38:17 AM org.camunda.commons.logging.BaseLogger logInfo
INFO: ENGINE-03016 Performing database operation &apos;create&apos; on component &apos;decision.engine&apos; with resource &apos;org/camunda/bpm/engine/db/create/activiti.h2.create.decision.engine.sql&apos;
okt. 18, 2016 9:38:17 AM org.camunda.commons.logging.BaseLogger logInfo
INFO: ENGINE-03016 Performing database operation &apos;create&apos; on component &apos;decision.history&apos; with resource &apos;org/camunda/bpm/engine/db/create/activiti.h2.create.decision.history.sql&apos;
okt. 18, 2016 9:38:17 AM org.camunda.commons.logging.BaseLogger logInfo
INFO: ENGINE-03067 No history level property found in database
okt. 18, 2016 9:38:17 AM org.camunda.commons.logging.BaseLogger logInfo
INFO: ENGINE-03065 Creating historyLevel property in database for level: HistoryLevelAudit(name=audit, id=2)
okt. 18, 2016 9:38:17 AM org.camunda.commons.logging.BaseLogger logInfo
INFO: ENGINE-00001 Process Engine default created.
okt. 18, 2016 9:38:18 AM org.camunda.commons.logging.BaseLogger logError
SEVERE: ENGINE-16006 BPMN Stack Trace:
	ServiceTask_2 (transition-destroy-scope, Execution[7])
	ServiceTask_2
	  ^
	  |
	StartEvent_1

okt. 18, 2016 9:38:18 AM org.camunda.commons.logging.BaseLogger logError
SEVERE: ENGINE-16004 Exception while closing command context: SPIN-01004 No matching data format detected
org.camunda.spin.spi.SpinDataFormatException: SPIN-01004 No matching data format detected
	at org.camunda.spin.impl.logging.SpinCoreLogger.unrecognizableDataFormatException(SpinCoreLogger.java:53)
	at org.camunda.spin.impl.SpinFactoryImpl.createSpinFromReader(SpinFactoryImpl.java:127)
	at org.camunda.spin.impl.SpinFactoryImpl.createSpin(SpinFactoryImpl.java:50)
	at org.camunda.spin.impl.SpinFactoryImpl.createSpinFromString(SpinFactoryImpl.java:103)
	at org.camunda.spin.impl.SpinFactoryImpl.createSpin(SpinFactoryImpl.java:47)
	at org.camunda.spin.Spin.S(Spin.java:64)
	at jdk.nashorn.internal.scripts.Script$1$\^eval\_.:program(&lt;eval&gt;:7)
	at jdk.nashorn.internal.runtime.ScriptFunctionData.invoke(ScriptFunctionData.java:623)
	at jdk.nashorn.internal.runtime.ScriptFunction.invoke(ScriptFunction.java:494)
	at jdk.nashorn.internal.runtime.ScriptRuntime.apply(ScriptRuntime.java:393)
	at jdk.nashorn.api.scripting.NashornScriptEngine.evalImpl(NashornScriptEngine.java:446)
	at jdk.nashorn.api.scripting.NashornScriptEngine.evalImpl(NashornScriptEngine.java:403)
	at jdk.nashorn.api.scripting.NashornScriptEngine.evalImpl(NashornScriptEngine.java:399)
	at jdk.nashorn.api.scripting.NashornScriptEngine.eval(NashornScriptEngine.java:155)
	at javax.script.AbstractScriptEngine.eval(AbstractScriptEngine.java:233)
	at org.camunda.bpm.engine.impl.scripting.SourceExecutableScript.evaluateScript(SourceExecutableScript.java:114)
	at org.camunda.bpm.engine.impl.scripting.SourceExecutableScript.evaluate(SourceExecutableScript.java:60)
	at org.camunda.bpm.engine.impl.scripting.ResourceExecutableScript.evaluate(ResourceExecutableScript.java:43)
	at org.camunda.bpm.engine.impl.scripting.ExecutableScript.execute(ExecutableScript.java:56)
	at org.camunda.bpm.engine.impl.scripting.env.ScriptingEnvironment.execute(ScriptingEnvironment.java:97)
	at org.camunda.bpm.engine.impl.scripting.env.ScriptingEnvironment.execute(ScriptingEnvironment.java:83)
	at org.camunda.bpm.engine.impl.delegate.ScriptInvocation.invoke(ScriptInvocation.java:40)
	at org.camunda.bpm.engine.impl.delegate.DelegateInvocation.proceed(DelegateInvocation.java:54)
	at org.camunda.bpm.engine.impl.delegate.DefaultDelegateInterceptor.handleInvocationInContext(DefaultDelegateInterceptor.java:87)
	at org.camunda.bpm.engine.impl.delegate.DefaultDelegateInterceptor.handleInvocation(DefaultDelegateInterceptor.java:59)
	at org.camunda.bpm.engine.impl.scripting.ScriptValueProvider.getValue(ScriptValueProvider.java:39)
	at org.camunda.bpm.engine.impl.core.variable.mapping.OutputParameter.execute(OutputParameter.java:43)
	at org.camunda.bpm.engine.impl.core.variable.mapping.IoParameter.execute(IoParameter.java:47)
	at org.camunda.bpm.engine.impl.core.variable.mapping.IoMapping.executeOutputParameters(IoMapping.java:41)
	at org.camunda.bpm.engine.impl.persistence.entity.ExecutionEntity.destroy(ExecutionEntity.java:500)
	at org.camunda.bpm.engine.impl.pvm.runtime.operation.PvmAtomicOperationTransitionDestroyScope.execute(PvmAtomicOperationTransitionDestroyScope.java:68)
	at org.camunda.bpm.engine.impl.pvm.runtime.operation.PvmAtomicOperationTransitionDestroyScope.execute(PvmAtomicOperationTransitionDestroyScope.java:33)
	at org.camunda.bpm.engine.impl.interceptor.AtomicOperationInvocation.execute(AtomicOperationInvocation.java:81)
	at org.camunda.bpm.engine.impl.interceptor.CommandContext.invokeNext(CommandContext.java:187)
	at org.camunda.bpm.engine.impl.interceptor.CommandContext.performNext(CommandContext.java:166)
	at org.camunda.bpm.engine.impl.interceptor.CommandContext.performOperation(CommandContext.java:141)
	at org.camunda.bpm.engine.impl.persistence.entity.ExecutionEntity.performOperation(ExecutionEntity.java:589)
	at org.camunda.bpm.engine.impl.persistence.entity.ExecutionEntity.performOperation(ExecutionEntity.java:565)
	at org.camunda.bpm.engine.impl.pvm.runtime.operation.PvmAtomicOperationTransitionNotifyListenerEnd.eventNotificationsCompleted(PvmAtomicOperationTransitionNotifyListenerEnd.java:37)
	at org.camunda.bpm.engine.impl.pvm.runtime.operation.PvmAtomicOperationTransitionNotifyListenerEnd.eventNotificationsCompleted(PvmAtomicOperationTransitionNotifyListenerEnd.java:23)
	at org.camunda.bpm.engine.impl.core.operation.AbstractEventAtomicOperation.execute(AbstractEventAtomicOperation.java:65)
	at org.camunda.bpm.engine.impl.interceptor.AtomicOperationInvocation.execute(AtomicOperationInvocation.java:81)
	at org.camunda.bpm.engine.impl.interceptor.CommandContext.invokeNext(CommandContext.java:187)
	at org.camunda.bpm.engine.impl.interceptor.CommandContext.performNext(CommandContext.java:166)
	at org.camunda.bpm.engine.impl.interceptor.CommandContext.performOperation(CommandContext.java:141)
	at org.camunda.bpm.engine.impl.interceptor.CommandContext.performOperation(CommandContext.java:131)
	at org.camunda.bpm.engine.impl.persistence.entity.ExecutionEntity.performOperationSync(ExecutionEntity.java:600)
	at org.camunda.bpm.engine.impl.persistence.entity.ExecutionEntity.performOperationSync(ExecutionEntity.java:575)
	at org.camunda.bpm.engine.impl.core.operation.AbstractEventAtomicOperation.execute(AbstractEventAtomicOperation.java:58)
	at org.camunda.bpm.engine.impl.interceptor.AtomicOperationInvocation.execute(AtomicOperationInvocation.java:81)
	at org.camunda.bpm.engine.impl.interceptor.CommandContext.invokeNext(CommandContext.java:187)
	at org.camunda.bpm.engine.impl.interceptor.CommandContext.performNext(CommandContext.java:166)
	at org.camunda.bpm.engine.impl.interceptor.CommandContext.performOperation(CommandContext.java:141)
	at org.camunda.bpm.engine.impl.persistence.entity.ExecutionEntity.performOperation(ExecutionEntity.java:589)
	at org.camunda.bpm.engine.impl.persistence.entity.ExecutionEntity.performOperation(ExecutionEntity.java:565)
	at org.camunda.bpm.engine.impl.pvm.runtime.PvmExecutionImpl.leaveActivityViaTransitions(PvmExecutionImpl.java:978)
	at org.camunda.bpm.engine.impl.pvm.runtime.PvmExecutionImpl.leaveActivityViaTransition(PvmExecutionImpl.java:931)
	at org.camunda.bpm.engine.impl.bpmn.behavior.BpmnActivityBehavior.performOutgoingBehavior(BpmnActivityBehavior.java:101)
	at org.camunda.bpm.engine.impl.bpmn.behavior.BpmnActivityBehavior.performDefaultOutgoingBehavior(BpmnActivityBehavior.java:52)
	at org.camunda.bpm.engine.impl.bpmn.behavior.FlowNodeActivityBehavior.leave(FlowNodeActivityBehavior.java:46)
	at org.camunda.bpm.engine.impl.bpmn.behavior.AbstractBpmnActivityBehavior.leave(AbstractBpmnActivityBehavior.java:68)
	at org.camunda.connect.plugin.impl.ServiceTaskConnectorActivityBehavior.access$000(ServiceTaskConnectorActivityBehavior.java:31)
	at org.camunda.connect.plugin.impl.ServiceTaskConnectorActivityBehavior$1.call(ServiceTaskConnectorActivityBehavior.java:59)
	at org.camunda.connect.plugin.impl.ServiceTaskConnectorActivityBehavior$1.call(ServiceTaskConnectorActivityBehavior.java:51)
	at org.camunda.bpm.engine.impl.bpmn.behavior.AbstractBpmnActivityBehavior.executeWithErrorPropagation(AbstractBpmnActivityBehavior.java:105)
	at org.camunda.connect.plugin.impl.ServiceTaskConnectorActivityBehavior.execute(ServiceTaskConnectorActivityBehavior.java:51)
	at org.camunda.bpm.engine.impl.pvm.runtime.operation.PvmAtomicOperationActivityExecute.execute(PvmAtomicOperationActivityExecute.java:41)
	at org.camunda.bpm.engine.impl.pvm.runtime.operation.PvmAtomicOperationActivityExecute.execute(PvmAtomicOperationActivityExecute.java:26)
	at org.camunda.bpm.engine.impl.interceptor.AtomicOperationInvocation.execute(AtomicOperationInvocation.java:81)
	at org.camunda.bpm.engine.impl.interceptor.CommandContext.invokeNext(CommandContext.java:187)
	at org.camunda.bpm.engine.impl.interceptor.CommandContext.performNext(CommandContext.java:166)
	at org.camunda.bpm.engine.impl.interceptor.CommandContext.performOperation(CommandContext.java:141)
	at org.camunda.bpm.engine.impl.persistence.entity.ExecutionEntity.performOperation(ExecutionEntity.java:589)
	at org.camunda.bpm.engine.impl.persistence.entity.ExecutionEntity.performOperation(ExecutionEntity.java:565)
	at org.camunda.bpm.engine.impl.pvm.runtime.operation.PvmAtomicOperationTransitionNotifyListenerStart.eventNotificationsCompleted(PvmAtomicOperationTransitionNotifyListenerStart.java:56)
	at org.camunda.bpm.engine.impl.pvm.runtime.operation.PvmAtomicOperationTransitionNotifyListenerStart.eventNotificationsCompleted(PvmAtomicOperationTransitionNotifyListenerStart.java:26)
	at org.camunda.bpm.engine.impl.core.operation.AbstractEventAtomicOperation.execute(AbstractEventAtomicOperation.java:65)
	at org.camunda.bpm.engine.impl.interceptor.AtomicOperationInvocation.execute(AtomicOperationInvocation.java:81)
	at org.camunda.bpm.engine.impl.interceptor.CommandContext.invokeNext(CommandContext.java:187)
	at org.camunda.bpm.engine.impl.interceptor.CommandContext.performNext(CommandContext.java:166)
	at org.camunda.bpm.engine.impl.interceptor.CommandContext.performOperation(CommandContext.java:141)
	at org.camunda.bpm.engine.impl.interceptor.CommandContext.performOperation(CommandContext.java:131)
	at org.camunda.bpm.engine.impl.persistence.entity.ExecutionEntity.performOperationSync(ExecutionEntity.java:600)
	at org.camunda.bpm.engine.impl.persistence.entity.ExecutionEntity.performOperationSync(ExecutionEntity.java:575)
	at org.camunda.bpm.engine.impl.core.operation.AbstractEventAtomicOperation.execute(AbstractEventAtomicOperation.java:58)
	at org.camunda.bpm.engine.impl.interceptor.AtomicOperationInvocation.execute(AtomicOperationInvocation.java:81)
	at org.camunda.bpm.engine.impl.interceptor.CommandContext.invokeNext(CommandContext.java:187)
	at org.camunda.bpm.engine.impl.interceptor.CommandContext.performNext(CommandContext.java:166)
	at org.camunda.bpm.engine.impl.interceptor.CommandContext.performOperation(CommandContext.java:141)
	at org.camunda.bpm.engine.impl.interceptor.CommandContext.performOperation(CommandContext.java:131)
	at org.camunda.bpm.engine.impl.persistence.entity.ExecutionEntity.performOperationSync(ExecutionEntity.java:600)
	at org.camunda.bpm.engine.impl.persistence.entity.ExecutionEntity.performOperationSync(ExecutionEntity.java:575)
	at org.camunda.bpm.engine.impl.core.operation.AbstractEventAtomicOperation.execute(AbstractEventAtomicOperation.java:58)
	at org.camunda.bpm.engine.impl.interceptor.AtomicOperationInvocation.execute(AtomicOperationInvocation.java:81)
	at org.camunda.bpm.engine.impl.interceptor.CommandContext.invokeNext(CommandContext.java:187)
	at org.camunda.bpm.engine.impl.interceptor.CommandContext.performNext(CommandContext.java:166)
	at org.camunda.bpm.engine.impl.interceptor.CommandContext.performOperation(CommandContext.java:141)
	at org.camunda.bpm.engine.impl.persistence.entity.ExecutionEntity.performOperation(ExecutionEntity.java:589)
	at org.camunda.bpm.engine.impl.persistence.entity.ExecutionEntity.performOperation(ExecutionEntity.java:565)
	at org.camunda.bpm.engine.impl.pvm.runtime.operation.PvmAtomicOperationTransitionCreateScope.scopeCreated(PvmAtomicOperationTransitionCreateScope.java:34)
	at org.camunda.bpm.engine.impl.pvm.runtime.operation.PvmAtomicOperationCreateScope.execute(PvmAtomicOperationCreateScope.java:49)
	at org.camunda.bpm.engine.impl.pvm.runtime.operation.PvmAtomicOperationCreateScope.execute(PvmAtomicOperationCreateScope.java:23)
	at org.camunda.bpm.engine.impl.interceptor.AtomicOperationInvocation.execute(AtomicOperationInvocation.java:81)
	at org.camunda.bpm.engine.impl.interceptor.CommandContext.invokeNext(CommandContext.java:187)
	at org.camunda.bpm.engine.impl.interceptor.CommandContext.performNext(CommandContext.java:174)
	at org.camunda.bpm.engine.impl.interceptor.CommandContext.performOperation(CommandContext.java:141)
	at org.camunda.bpm.engine.impl.persistence.entity.ExecutionEntity.performOperation(ExecutionEntity.java:589)
	at org.camunda.bpm.engine.impl.persistence.entity.ExecutionEntity.performOperation(ExecutionEntity.java:565)
	at org.camunda.bpm.engine.impl.pvm.runtime.PvmExecutionImpl.start(PvmExecutionImpl.java:230)
	at org.camunda.bpm.engine.impl.persistence.entity.ExecutionEntity.start(ExecutionEntity.java:427)
	at org.camunda.bpm.engine.impl.cmd.StartProcessInstanceCmd.execute(StartProcessInstanceCmd.java:50)
	at org.camunda.bpm.engine.impl.cmd.StartProcessInstanceCmd.execute(StartProcessInstanceCmd.java:29)
	at org.camunda.bpm.engine.impl.interceptor.CommandExecutorImpl.execute(CommandExecutorImpl.java:24)
	at org.camunda.bpm.engine.impl.interceptor.CommandContextInterceptor.execute(CommandContextInterceptor.java:104)
	at org.camunda.bpm.engine.impl.interceptor.ProcessApplicationContextInterceptor.execute(ProcessApplicationContextInterceptor.java:66)
	at org.camunda.bpm.engine.impl.interceptor.LogInterceptor.execute(LogInterceptor.java:30)
	at org.camunda.bpm.engine.impl.ProcessInstantiationBuilderImpl.execute(ProcessInstantiationBuilderImpl.java:145)
	at org.camunda.bpm.engine.impl.ProcessInstantiationBuilderImpl.execute(ProcessInstantiationBuilderImpl.java:117)
	at org.camunda.bpm.engine.impl.RuntimeServiceImpl.startProcessInstanceByKey(RuntimeServiceImpl.java:85)
	at org.camunda.bpm.example.servicetask.soap.ServiceTaskSoapTest.shouldInvokeService(ServiceTaskSoapTest.java:45)
	at sun.reflect.NativeMethodAccessorImpl.invoke0(Native Method)
	at sun.reflect.NativeMethodAccessorImpl.invoke(NativeMethodAccessorImpl.java:62)
	at sun.reflect.DelegatingMethodAccessorImpl.invoke(DelegatingMethodAccessorImpl.java:43)
	at java.lang.reflect.Method.invoke(Method.java:498)
	at org.junit.runners.model.FrameworkMethod$1.runReflectiveCall(FrameworkMethod.java:47)
	at org.junit.internal.runners.model.ReflectiveCallable.run(ReflectiveCallable.java:12)
	at org.junit.runners.model.FrameworkMethod.invokeExplosively(FrameworkMethod.java:44)
	at org.junit.internal.runners.statements.InvokeMethod.evaluate(InvokeMethod.java:17)
	at org.junit.rules.TestWatcher$1.evaluate(TestWatcher.java:55)
	at org.camunda.bpm.engine.test.ProcessEngineRule$1.evaluate(ProcessEngineRule.java:165)
	at org.junit.rules.RunRules.evaluate(RunRules.java:20)
	at org.junit.runners.ParentRunner.runLeaf(ParentRunner.java:271)
	at org.junit.runners.BlockJUnit4ClassRunner.runChild(BlockJUnit4ClassRunner.java:70)
	at org.junit.runners.BlockJUnit4ClassRunner.runChild(BlockJUnit4ClassRunner.java:50)
	at org.junit.runners.ParentRunner$3.run(ParentRunner.java:238)
	at org.junit.runners.ParentRunner$1.schedule(ParentRunner.java:63)
	at org.junit.runners.ParentRunner.runChildren(ParentRunner.java:236)
	at org.junit.runners.ParentRunner.access$000(ParentRunner.java:53)
	at org.junit.runners.ParentRunner$2.evaluate(ParentRunner.java:229)
	at org.junit.runners.ParentRunner.run(ParentRunner.java:309)
	at org.apache.maven.surefire.junit4.JUnit4Provider.execute(JUnit4Provider.java:252)
	at org.apache.maven.surefire.junit4.JUnit4Provider.executeTestSet(JUnit4Provider.java:141)
	at org.apache.maven.surefire.junit4.JUnit4Provider.invoke(JUnit4Provider.java:112)
	at sun.reflect.NativeMethodAccessorImpl.invoke0(Native Method)
	at sun.reflect.NativeMethodAccessorImpl.invoke(NativeMethodAccessorImpl.java:62)
	at sun.reflect.DelegatingMethodAccessorImpl.invoke(DelegatingMethodAccessorImpl.java:43)
	at java.lang.reflect.Method.invoke(Method.java:498)
	at org.apache.maven.surefire.util.ReflectionUtils.invokeMethodWithArray(ReflectionUtils.java:189)
	at org.apache.maven.surefire.booter.ProviderFactory$ProviderProxy.invoke(ProviderFactory.java:165)
	at org.apache.maven.surefire.booter.ProviderFactory.invokeProvider(ProviderFactory.java:85)
	at org.apache.maven.surefire.booter.ForkedBooter.runSuitesInProcess(ForkedBooter.java:115)
	at org.apache.maven.surefire.booter.ForkedBooter.main(ForkedBooter.java:75)

</system-err>
  </testcase>
</testsuite>